
[2023-12-06T07:40:41.303532+00:00] FFmpeg_Streaming.INFO: ffprobe running command "D:\laragon\www\video\public\ffmpeg/bin/ffprobe.exe" -help -loglevel quiet [] []
[2023-12-06T07:40:42.231160+00:00] FFmpeg_Streaming.INFO: ffprobe executed command successfully [] []
[2023-12-06T07:40:42.232270+00:00] FFmpeg_Streaming.INFO: ffprobe running command "D:\laragon\www\video\public\ffmpeg/bin/ffprobe.exe" "D:\laragon\www\video\public\video/nature.mp4" -show_streams -print_format json [] []
[2023-12-06T07:40:42.449136+00:00] FFmpeg_Streaming.INFO: ffprobe executed command successfully [] []
[2023-12-06T07:41:03.509514+00:00] FFmpeg_Streaming.INFO: ffprobe running command "D:\laragon\www\video\public\ffmpeg/bin/ffprobe.exe" -help -loglevel quiet [] []
[2023-12-06T07:41:03.726176+00:00] FFmpeg_Streaming.INFO: ffprobe executed command successfully [] []
[2023-12-06T07:41:03.728096+00:00] FFmpeg_Streaming.INFO: ffprobe running command "D:\laragon\www\video\public\ffmpeg/bin/ffprobe.exe" "D:\laragon\www\video\public\video/nature.mp4" -show_streams -print_format json [] []
[2023-12-06T07:41:03.961027+00:00] FFmpeg_Streaming.INFO: ffprobe executed command successfully [] []
[2023-12-06T07:41:20.771971+00:00] FFmpeg_Streaming.INFO: ffprobe running command "D:\laragon\www\video\public\ffmpeg/bin/ffprobe.exe" -help -loglevel quiet [] []
[2023-12-06T07:41:20.998888+00:00] FFmpeg_Streaming.INFO: ffprobe executed command successfully [] []
[2023-12-06T07:41:20.999414+00:00] FFmpeg_Streaming.INFO: ffprobe running command "D:\laragon\www\video\public\ffmpeg/bin/ffprobe.exe" "D:\laragon\www\video\public\video/nature.mp4" -show_streams -print_format json [] []
[2023-12-06T07:41:21.219278+00:00] FFmpeg_Streaming.INFO: ffprobe executed command successfully [] []
[2023-12-06T07:41:31.208886+00:00] FFmpeg_Streaming.INFO: ffprobe running command "D:\laragon\www\video\public\ffmpeg/bin/ffprobe.exe" -help -loglevel quiet [] []
[2023-12-06T07:41:31.429908+00:00] FFmpeg_Streaming.INFO: ffprobe executed command successfully [] []
[2023-12-06T07:41:31.431717+00:00] FFmpeg_Streaming.INFO: ffprobe running command "D:\laragon\www\video\public\ffmpeg/bin/ffprobe.exe" "D:\laragon\www\video\public\video/nature.mp4" -show_streams -print_format json [] []
[2023-12-06T07:41:31.662256+00:00] FFmpeg_Streaming.INFO: ffprobe executed command successfully [] []
[2023-12-06T07:41:31.803944+00:00] FFmpeg_Streaming.INFO: ffprobe running command "D:\laragon\www\video\public\ffmpeg/bin/ffprobe.exe" "D:\laragon\www\video\public\video/nature.mp4" -show_format -print_format json [] []
[2023-12-06T07:41:32.019980+00:00] FFmpeg_Streaming.INFO: ffprobe executed command successfully [] []
[2023-12-06T07:41:32.058208+00:00] FFmpeg_Streaming.INFO: ffmpeg running command "D:\laragon\www\video\public\ffmpeg/bin/ffmpeg.exe" -y -i "D:\laragon\www\video\public\video/nature.mp4" -c:v libx264 -c:a aac -bf 1 -keyint_min 25 -g 250 -sc_threshold 40 -hls_list_size 0 -hls_time 10 -hls_allow_cache 1 -hls_segment_type mpegts -hls_fmp4_init_filename stream_480p_init.mp4 -hls_segment_filename "D:/laragon/www/video/public/video/hls/nature/stream_480p_"^%"04d.ts" -s:v 854x480 -b:v 838k -hls_key_info_file "C:\Users\asam\AppData\Local\Temp\php_ffmpeg_video_streaming/pfvs.file_217818073657025aba6969" -strict -2 "D:/laragon/www/video/public/video/hls/nature/stream_480p.m3u8" -c:v libx264 -c:a aac -bf 1 -keyint_min 25 -g 250 -sc_threshold 40 -hls_list_size 0 -hls_time 10 -hls_allow_cache 1 -hls_segment_type mpegts -hls_fmp4_init_filename stream_720p_init.mp4 -hls_segment_filename "D:/laragon/www/video/public/video/hls/nature/stream_720p_"^%"04d.ts" -s:v 1280x720 -b:v 1258k -hls_key_info_file "C:\Users\asam\AppData\Local\Temp\php_ffmpeg_video_streaming/pfvs.file_217818073657025aba6969" -strict -2 -threads 12 "D:/laragon/www/video/public/video/hls/nature/stream_720p.m3u8" [] []
[2023-12-06T07:42:06.171361+00:00] FFmpeg_Streaming.INFO: ffmpeg executed command successfully [] []
[2023-12-06T07:42:06.260620+00:00] FFmpeg_Streaming.INFO: ffprobe running command "D:\laragon\www\video\public\ffmpeg/bin/ffprobe.exe" -help -loglevel quiet [] []
[2023-12-06T07:42:06.483993+00:00] FFmpeg_Streaming.INFO: ffprobe executed command successfully [] []
[2023-12-06T07:42:06.484427+00:00] FFmpeg_Streaming.INFO: ffprobe running command "D:\laragon\www\video\public\ffmpeg/bin/ffprobe.exe" "D:\laragon\www\video\public\video/nature.mp4" -show_streams -print_format json [] []
[2023-12-06T07:42:06.753224+00:00] FFmpeg_Streaming.INFO: ffprobe executed command successfully [] []
[2023-12-06T07:42:06.771595+00:00] FFmpeg_Streaming.INFO: ffprobe running command "D:\laragon\www\video\public\ffmpeg/bin/ffprobe.exe" "D:\laragon\www\video\public\video/nature.mp4" -show_format -print_format json [] []
[2023-12-06T07:42:06.982517+00:00] FFmpeg_Streaming.INFO: ffprobe executed command successfully [] []
[2023-12-06T07:42:06.992217+00:00] FFmpeg_Streaming.INFO: ffmpeg running command "D:\laragon\www\video\public\ffmpeg/bin/ffmpeg.exe" -y -i "D:\laragon\www\video\public\video/nature.mp4" -c:v libx264 -c:a aac -bf 1 -keyint_min 25 -g 250 -sc_threshold 40 -hls_list_size 0 -hls_time 10 -hls_allow_cache 1 -hls_segment_type mpegts -hls_fmp4_init_filename stream_480p_init.mp4 -hls_segment_filename "D:/laragon/www/video/public/video/hls/nature/stream_480p_"^%"04d.ts" -s:v 854x480 -b:v 838k -hls_key_info_file "C:\Users\asam\AppData\Local\Temp\php_ffmpeg_video_streaming/pfvs.file_1813000362657025cebaf6d" -strict -2 "D:/laragon/www/video/public/video/hls/nature/stream_480p.m3u8" -c:v libx264 -c:a aac -bf 1 -keyint_min 25 -g 250 -sc_threshold 40 -hls_list_size 0 -hls_time 10 -hls_allow_cache 1 -hls_segment_type mpegts -hls_fmp4_init_filename stream_720p_init.mp4 -hls_segment_filename "D:/laragon/www/video/public/video/hls/nature/stream_720p_"^%"04d.ts" -s:v 1280x720 -b:v 1258k -hls_key_info_file "C:\Users\asam\AppData\Local\Temp\php_ffmpeg_video_streaming/pfvs.file_1813000362657025cebaf6d" -strict -2 -threads 12 "D:/laragon/www/video/public/video/hls/nature/stream_720p.m3u8" [] []
[2023-12-06T07:42:29.504972+00:00] FFmpeg_Streaming.INFO: ffmpeg executed command successfully [] []
[2023-12-06T07:48:34.378451+00:00] FFmpeg_Streaming.INFO: ffprobe running command "D:\laragon\www\video\public\ffmpeg/bin/ffprobe.exe" -help -loglevel quiet [] []
[2023-12-06T07:48:35.650760+00:00] FFmpeg_Streaming.INFO: ffprobe executed command successfully [] []
[2023-12-06T07:48:35.652620+00:00] FFmpeg_Streaming.INFO: ffprobe running command "D:\laragon\www\video\public\ffmpeg/bin/ffprobe.exe" "D:\laragon\www\video\public\video/nature.mp4" -show_streams -print_format json [] []
[2023-12-06T07:48:36.288546+00:00] FFmpeg_Streaming.INFO: ffprobe executed command successfully [] []
[2023-12-06T07:48:36.419645+00:00] FFmpeg_Streaming.INFO: ffprobe running command "D:\laragon\www\video\public\ffmpeg/bin/ffprobe.exe" "D:\laragon\www\video\public\video/nature.mp4" -show_format -print_format json [] []
[2023-12-06T07:48:36.629868+00:00] FFmpeg_Streaming.INFO: ffprobe executed command successfully [] []
[2023-12-06T07:48:36.661159+00:00] FFmpeg_Streaming.INFO: ffmpeg running command "D:\laragon\www\video\public\ffmpeg/bin/ffmpeg.exe" -y -i "D:\laragon\www\video\public\video/nature.mp4" -c:v libx264 -c:a aac -bf 1 -keyint_min 25 -g 250 -sc_threshold 40 -hls_list_size 0 -hls_time 10 -hls_allow_cache 1 -hls_segment_type mpegts -hls_fmp4_init_filename stream_480p_init.mp4 -hls_segment_filename "D:/laragon/www/video/public/video/hls/nature/stream_480p_"^%"04d.ts" -s:v 854x480 -b:v 838k -hls_key_info_file "C:\Users\asam\AppData\Local\Temp\php_ffmpeg_video_streaming/pfvs.file_2045352865657027545f9c0" -strict -2 "D:/laragon/www/video/public/video/hls/nature/stream_480p.m3u8" -c:v libx264 -c:a aac -bf 1 -keyint_min 25 -g 250 -sc_threshold 40 -hls_list_size 0 -hls_time 10 -hls_allow_cache 1 -hls_segment_type mpegts -hls_fmp4_init_filename stream_720p_init.mp4 -hls_segment_filename "D:/laragon/www/video/public/video/hls/nature/stream_720p_"^%"04d.ts" -s:v 1280x720 -b:v 1258k -hls_key_info_file "C:\Users\asam\AppData\Local\Temp\php_ffmpeg_video_streaming/pfvs.file_2045352865657027545f9c0" -strict -2 -threads 12 "D:/laragon/www/video/public/video/hls/nature/stream_720p.m3u8" [] []
[2023-12-06T07:49:02.777744+00:00] FFmpeg_Streaming.INFO: ffmpeg executed command successfully [] []
[2023-12-06T07:49:49.070982+00:00] FFmpeg_Streaming.INFO: ffprobe running command "D:\laragon\www\video\public\ffmpeg/bin/ffprobe.exe" -help -loglevel quiet [] []
[2023-12-06T07:49:49.299677+00:00] FFmpeg_Streaming.INFO: ffprobe executed command successfully [] []
[2023-12-06T07:49:49.300283+00:00] FFmpeg_Streaming.INFO: ffprobe running command "D:\laragon\www\video\public\ffmpeg/bin/ffprobe.exe" "D:\laragon\www\video\public\video/nature.mp4" -show_streams -print_format json [] []
[2023-12-06T07:49:49.518066+00:00] FFmpeg_Streaming.INFO: ffprobe executed command successfully [] []
[2023-12-06T07:49:49.542442+00:00] FFmpeg_Streaming.INFO: ffprobe running command "D:\laragon\www\video\public\ffmpeg/bin/ffprobe.exe" "D:\laragon\www\video\public\video/nature.mp4" -show_format -print_format json [] []
[2023-12-06T07:49:49.767672+00:00] FFmpeg_Streaming.INFO: ffprobe executed command successfully [] []
[2023-12-06T07:49:49.777922+00:00] FFmpeg_Streaming.INFO: ffmpeg running command "D:\laragon\www\video\public\ffmpeg/bin/ffmpeg.exe" -y -i "D:\laragon\www\video\public\video/nature.mp4" -c:v libx264 -c:a aac -bf 1 -keyint_min 25 -g 250 -sc_threshold 40 -hls_list_size 0 -hls_time 10 -hls_allow_cache 1 -hls_segment_type mpegts -hls_fmp4_init_filename stream_480p_init.mp4 -hls_segment_filename "D:/laragon/www/video/public/video/hls/nature/stream_480p_"^%"04d.ts" -s:v 854x480 -b:v 838k -hls_key_info_file "C:\Users\asam\AppData\Local\Temp\php_ffmpeg_video_streaming/pfvs.file_607493716570279d829c3" -strict -2 "D:/laragon/www/video/public/video/hls/nature/stream_480p.m3u8" -c:v libx264 -c:a aac -bf 1 -keyint_min 25 -g 250 -sc_threshold 40 -hls_list_size 0 -hls_time 10 -hls_allow_cache 1 -hls_segment_type mpegts -hls_fmp4_init_filename stream_720p_init.mp4 -hls_segment_filename "D:/laragon/www/video/public/video/hls/nature/stream_720p_"^%"04d.ts" -s:v 1280x720 -b:v 1258k -hls_key_info_file "C:\Users\asam\AppData\Local\Temp\php_ffmpeg_video_streaming/pfvs.file_607493716570279d829c3" -strict -2 -threads 12 "D:/laragon/www/video/public/video/hls/nature/stream_720p.m3u8" [] []
[2023-12-06T07:50:16.435573+00:00] FFmpeg_Streaming.INFO: ffmpeg executed command successfully [] []
[2023-12-06T08:00:57.293207+00:00] FFmpeg_Streaming.INFO: ffprobe running command "D:\laragon\www\video\public\ffmpeg/bin/ffprobe.exe" -help -loglevel quiet [] []
[2023-12-06T08:00:58.178600+00:00] FFmpeg_Streaming.INFO: ffprobe executed command successfully [] []
[2023-12-06T08:00:58.179111+00:00] FFmpeg_Streaming.INFO: ffprobe running command "D:\laragon\www\video\public\ffmpeg/bin/ffprobe.exe" "D:\laragon\www\video\public\video/nature.mp4" -show_streams -print_format json [] []
[2023-12-06T08:00:58.396703+00:00] FFmpeg_Streaming.INFO: ffprobe executed command successfully [] []
[2023-12-06T08:00:58.564742+00:00] FFmpeg_Streaming.INFO: ffprobe running command "D:\laragon\www\video\public\ffmpeg/bin/ffprobe.exe" "D:\laragon\www\video\public\video/nature.mp4" -show_format -print_format json [] []
[2023-12-06T08:00:58.785778+00:00] FFmpeg_Streaming.INFO: ffprobe executed command successfully [] []
[2023-12-06T08:00:58.832448+00:00] FFmpeg_Streaming.INFO: ffmpeg running command "D:\laragon\www\video\public\ffmpeg/bin/ffmpeg.exe" -y -i "D:\laragon\www\video\public\video/nature.mp4" -c:v libx264 -c:a aac -bf 1 -keyint_min 25 -g 250 -sc_threshold 40 -hls_list_size 0 -hls_time 10 -hls_allow_cache 1 -hls_segment_type mpegts -hls_fmp4_init_filename stream_480p_init.mp4 -hls_segment_filename "D:/laragon/www/video/public/video/hls/nature/stream_480p_"^%"04d.ts" -s:v 854x480 -b:v 838k -hls_flags periodic_rekey -hls_key_info_file "C:\Users\asam\AppData\Local\Temp\php_ffmpeg_video_streaming/pfvs.file_176846963965702a3a7ef4a" -strict -2 "D:/laragon/www/video/public/video/hls/nature/stream_480p.m3u8" -c:v libx264 -c:a aac -bf 1 -keyint_min 25 -g 250 -sc_threshold 40 -hls_list_size 0 -hls_time 10 -hls_allow_cache 1 -hls_segment_type mpegts -hls_fmp4_init_filename stream_720p_init.mp4 -hls_segment_filename "D:/laragon/www/video/public/video/hls/nature/stream_720p_"^%"04d.ts" -s:v 1280x720 -b:v 1258k -hls_flags periodic_rekey -hls_key_info_file "C:\Users\asam\AppData\Local\Temp\php_ffmpeg_video_streaming/pfvs.file_176846963965702a3a7ef4a" -strict -2 -threads 12 "D:/laragon/www/video/public/video/hls/nature/stream_720p.m3u8" [] []
[2023-12-06T08:01:23.433615+00:00] FFmpeg_Streaming.INFO: ffmpeg executed command successfully [] []
[2023-12-06T08:07:35.179330+00:00] FFmpeg_Streaming.INFO: ffprobe running command "D:\laragon\www\video\public\ffmpeg/bin/ffprobe.exe" -help -loglevel quiet [] []
[2023-12-06T08:07:35.821924+00:00] FFmpeg_Streaming.INFO: ffprobe executed command successfully [] []
[2023-12-06T08:07:35.822477+00:00] FFmpeg_Streaming.INFO: ffprobe running command "D:\laragon\www\video\public\ffmpeg/bin/ffprobe.exe" "D:\laragon\www\video\public\video/nature.mp4" -show_streams -print_format json [] []
[2023-12-06T08:07:36.039756+00:00] FFmpeg_Streaming.INFO: ffprobe executed command successfully [] []
[2023-12-06T08:07:36.154034+00:00] FFmpeg_Streaming.INFO: ffprobe running command "D:\laragon\www\video\public\ffmpeg/bin/ffprobe.exe" "D:\laragon\www\video\public\video/nature.mp4" -show_format -print_format json [] []
[2023-12-06T08:07:36.381741+00:00] FFmpeg_Streaming.INFO: ffprobe executed command successfully [] []
[2023-12-06T08:07:36.482217+00:00] FFmpeg_Streaming.INFO: ffmpeg running command "D:\laragon\www\video\public\ffmpeg/bin/ffmpeg.exe" -y -i "D:\laragon\www\video\public\video/nature.mp4" -c:v libx264 -c:a aac -bf 1 -keyint_min 25 -g 250 -sc_threshold 40 -hls_list_size 0 -hls_time 10 -hls_allow_cache 1 -hls_segment_type mpegts -hls_fmp4_init_filename stream_720p_init.mp4 -hls_segment_filename "D:/laragon/www/video/public/video/hls/nature/stream_720p_"^%"04d.ts" -s:v 1280x720 -b:v 1258k -hls_flags periodic_rekey -hls_key_info_file "C:\Users\asam\AppData\Local\Temp\php_ffmpeg_video_streaming/pfvs.file_10222105665702bc81e476" -strict -2 -threads 12 "D:/laragon/www/video/public/video/hls/nature/stream_720p.m3u8" [] []
[2023-12-06T08:07:54.450281+00:00] FFmpeg_Streaming.INFO: ffmpeg executed command successfully [] []
[2023-12-06T08:59:12.580992+00:00] FFmpeg_Streaming.INFO: ffprobe running command "D:\laragon\www\video\public\ffmpeg/bin/ffprobe.exe" -help -loglevel quiet [] []
[2023-12-06T08:59:13.256797+00:00] FFmpeg_Streaming.INFO: ffprobe executed command successfully [] []
[2023-12-06T08:59:13.257461+00:00] FFmpeg_Streaming.INFO: ffprobe running command "D:\laragon\www\video\public\ffmpeg/bin/ffprobe.exe" "D:\laragon\www\video\public\video/nature.mp4" -show_streams -print_format json [] []
[2023-12-06T08:59:13.473825+00:00] FFmpeg_Streaming.INFO: ffprobe executed command successfully [] []
[2023-12-06T08:59:13.663580+00:00] FFmpeg_Streaming.INFO: ffprobe running command "D:\laragon\www\video\public\ffmpeg/bin/ffprobe.exe" "D:\laragon\www\video\public\video/nature.mp4" -show_format -print_format json [] []
[2023-12-06T08:59:13.896010+00:00] FFmpeg_Streaming.INFO: ffprobe executed command successfully [] []
[2023-12-06T08:59:13.965954+00:00] FFmpeg_Streaming.INFO: ffmpeg running command "D:\laragon\www\video\public\ffmpeg/bin/ffmpeg.exe" -y -i "D:\laragon\www\video\public\video/nature.mp4" -c:v libx264 -c:a aac -bf 1 -keyint_min 25 -g 250 -sc_threshold 40 -hls_list_size 0 -hls_time 10 -hls_allow_cache 1 -hls_segment_type mpegts -hls_fmp4_init_filename stream_360p_init.mp4 -hls_segment_filename "D:/laragon/www/video/public/video/hls/nature/stream_360p_"^%"04d.ts" -s:v 640x360 -b:v 629k -hls_flags periodic_rekey -hls_key_info_file "C:\Users\asam\AppData\Local\Temp\php_ffmpeg_video_streaming/pfvs.file_440920069657037e195012" -strict -2 "D:/laragon/www/video/public/video/hls/nature/stream_360p.m3u8" -c:v libx264 -c:a aac -bf 1 -keyint_min 25 -g 250 -sc_threshold 40 -hls_list_size 0 -hls_time 10 -hls_allow_cache 1 -hls_segment_type mpegts -hls_fmp4_init_filename stream_480p_init.mp4 -hls_segment_filename "D:/laragon/www/video/public/video/hls/nature/stream_480p_"^%"04d.ts" -s:v 854x480 -b:v 838k -hls_flags periodic_rekey -hls_key_info_file "C:\Users\asam\AppData\Local\Temp\php_ffmpeg_video_streaming/pfvs.file_440920069657037e195012" -strict -2 "D:/laragon/www/video/public/video/hls/nature/stream_480p.m3u8" -c:v libx264 -c:a aac -bf 1 -keyint_min 25 -g 250 -sc_threshold 40 -hls_list_size 0 -hls_time 10 -hls_allow_cache 1 -hls_segment_type mpegts -hls_fmp4_init_filename stream_720p_init.mp4 -hls_segment_filename "D:/laragon/www/video/public/video/hls/nature/stream_720p_"^%"04d.ts" -s:v 1280x720 -b:v 1258k -hls_flags periodic_rekey -hls_key_info_file "C:\Users\asam\AppData\Local\Temp\php_ffmpeg_video_streaming/pfvs.file_440920069657037e195012" -strict -2 -threads 12 "D:/laragon/www/video/public/video/hls/nature/stream_720p.m3u8" [] []
[2023-12-06T08:59:42.955872+00:00] FFmpeg_Streaming.INFO: ffmpeg executed command successfully [] []
[2023-12-06T10:03:18.803805+00:00] FFmpeg_Streaming.INFO: ffprobe running command "D:\laragon\www\video\public\ffmpeg/bin/ffprobe.exe" -help -loglevel quiet [] []
[2023-12-06T10:03:19.557172+00:00] FFmpeg_Streaming.INFO: ffprobe executed command successfully [] []
[2023-12-06T10:03:19.557843+00:00] FFmpeg_Streaming.INFO: ffprobe running command "D:\laragon\www\video\public\ffmpeg/bin/ffprobe.exe" "D:\laragon\www\video\public\video/nature.mp4" -show_streams -print_format json [] []
[2023-12-06T10:03:19.778423+00:00] FFmpeg_Streaming.INFO: ffprobe executed command successfully [] []
[2023-12-06T10:03:19.980532+00:00] FFmpeg_Streaming.INFO: ffprobe running command "D:\laragon\www\video\public\ffmpeg/bin/ffprobe.exe" "D:\laragon\www\video\public\video/nature.mp4" -show_format -print_format json [] []
[2023-12-06T10:03:20.214097+00:00] FFmpeg_Streaming.INFO: ffprobe executed command successfully [] []
[2023-12-06T10:03:20.271175+00:00] FFmpeg_Streaming.INFO: ffmpeg running command "D:\laragon\www\video\public\ffmpeg/bin/ffmpeg.exe" -y -i "D:\laragon\www\video\public\video/nature.mp4" -c:v libx264 -c:a aac -bf 1 -keyint_min 25 -g 250 -sc_threshold 40 -hls_list_size 0 -hls_time 10 -hls_allow_cache 1 -hls_segment_type mpegts -hls_fmp4_init_filename stream_720p_init.mp4 -hls_segment_filename "D:/laragon/www/video/public/video/hls/nature/stream_720p_"^%"04d.ts" -s:v 1280x720 -b:v 1258k -hls_flags periodic_rekey -hls_key_info_file "C:\Users\asam\AppData\Local\Temp\php_ffmpeg_video_streaming/pfvs.file_1778836681657046e7e4de5" -strict -2 -threads 12 "D:/laragon/www/video/public/video/hls/nature/stream_720p.m3u8" [] []
[2023-12-06T10:03:38.122596+00:00] FFmpeg_Streaming.INFO: ffmpeg executed command successfully [] []
[2023-12-11T12:42:10.847937+00:00] FFmpeg_Streaming.INFO: ffprobe running command "D:\laragon\www\safe-player\public\ffmpeg/bin/ffprobe.exe" -help -loglevel quiet [] []
[2023-12-11T12:42:11.488318+00:00] FFmpeg_Streaming.INFO: ffprobe executed command successfully [] []
[2023-12-11T12:42:11.489143+00:00] FFmpeg_Streaming.INFO: ffprobe running command "D:\laragon\www\safe-player\public\ffmpeg/bin/ffprobe.exe" "D:\laragon\www\safe-player\storage\uploads/nature.mkv" -show_streams -print_format json [] []
[2023-12-11T12:42:11.910315+00:00] FFmpeg_Streaming.INFO: ffprobe executed command successfully [] []
[2023-12-11T12:42:11.968812+00:00] FFmpeg_Streaming.INFO: ffprobe running command "D:\laragon\www\safe-player\public\ffmpeg/bin/ffprobe.exe" "D:\laragon\www\safe-player\storage\uploads/nature.mkv" -show_format -print_format json [] []
[2023-12-11T12:42:12.189896+00:00] FFmpeg_Streaming.INFO: ffprobe executed command successfully [] []
[2023-12-11T12:42:12.221761+00:00] FFmpeg_Streaming.INFO: ffmpeg running command "D:\laragon\www\safe-player\public\ffmpeg/bin/ffmpeg.exe" -y -i "D:\laragon\www\safe-player\storage\uploads/nature.mkv" -c:v libx264 -c:a aac -bf 1 -keyint_min 25 -g 250 -sc_threshold 40 -hls_list_size 0 -hls_time 10 -hls_allow_cache 1 -hls_segment_type mpegts -hls_fmp4_init_filename stream_360p_init.mp4 -hls_segment_filename "D:/laragon/www/safe-player/storage/videos/ffm/stream_360p_"^%"04d.ts" -s:v 640x360 -b:v 5724k -hls_flags periodic_rekey -hls_key_info_file "C:\Users\asam\AppData\Local\Temp\php_ffmpeg_video_streaming/pfvs.file_1478130295657703a3e434f" -strict -2 "D:/laragon/www/safe-player/storage/videos/ffm/stream_360p.m3u8" -c:v libx264 -c:a aac -bf 1 -keyint_min 25 -g 250 -sc_threshold 40 -hls_list_size 0 -hls_time 10 -hls_allow_cache 1 -hls_segment_type mpegts -hls_fmp4_init_filename stream_480p_init.mp4 -hls_segment_filename "D:/laragon/www/safe-player/storage/videos/ffm/stream_480p_"^%"04d.ts" -s:v 854x480 -b:v 7155k -hls_flags periodic_rekey -hls_key_info_file "C:\Users\asam\AppData\Local\Temp\php_ffmpeg_video_streaming/pfvs.file_1478130295657703a3e434f" -strict -2 "D:/laragon/www/safe-player/storage/videos/ffm/stream_480p.m3u8" -c:v libx264 -c:a aac -bf 1 -keyint_min 25 -g 250 -sc_threshold 40 -hls_list_size 0 -hls_time 10 -hls_allow_cache 1 -hls_segment_type mpegts -hls_fmp4_init_filename stream_720p_init.mp4 -hls_segment_filename "D:/laragon/www/safe-player/storage/videos/ffm/stream_720p_"^%"04d.ts" -s:v 1280x720 -b:v 9540k -hls_flags periodic_rekey -hls_key_info_file "C:\Users\asam\AppData\Local\Temp\php_ffmpeg_video_streaming/pfvs.file_1478130295657703a3e434f" -strict -2 "D:/laragon/www/safe-player/storage/videos/ffm/stream_720p.m3u8" -c:v libx264 -c:a aac -bf 1 -keyint_min 25 -g 250 -sc_threshold 40 -hls_list_size 0 -hls_time 10 -hls_allow_cache 1 -hls_segment_type mpegts -hls_fmp4_init_filename stream_2160p_init.mp4 -hls_segment_filename "D:/laragon/www/safe-player/storage/videos/ffm/stream_2160p_"^%"04d.ts" -s:v 3840x2160 -b:v 14311k -hls_flags periodic_rekey -hls_key_info_file "C:\Users\asam\AppData\Local\Temp\php_ffmpeg_video_streaming/pfvs.file_1478130295657703a3e434f" -strict -2 -threads 12 "D:/laragon/www/safe-player/storage/videos/ffm/stream_2160p.m3u8" [] []
[2023-12-11T12:47:09.987800+00:00] FFmpeg_Streaming.INFO: ffmpeg executed command successfully [] []
